<?xml version="1.0" encoding="UTF-8"?>
<!-- Generated by org.testng.reporters.JUnitReportReporter -->
<testsuite hostname="DESKTOP-FLJ34K1" failures="0" tests="10" name="test.EndToEndTest" time="33.131" errors="0" timestamp="2024-03-25T17:56:13 IST" skipped="0">
  <testcase classname="test.EndToEndTest" name="testShopperLogin" time="6.767"/>
  <system-out/>
  <testcase classname="test.EndToEndTest" name="testViewProducts" time="3.859"/>
  <system-out/>
  <testcase classname="test.EndToEndTest" name="testAddtoCartProducts" time="1.835"/>
  <system-out/>
  <testcase classname="test.EndToEndTest" name="testUpdateCartProducts" time="3.344"/>
  <system-out/>
  <testcase classname="test.EndToEndTest" name="testAddAddress" time="2.555"/>
  <system-out/>
  <testcase classname="test.EndToEndTest" name="testPlaceAnOrder" time="1.778"/>
  <system-out/>
  <testcase classname="test.EndToEndTest" name="testUpdateAnOrder" time="3.640"/>
  <system-out/>
  <testcase classname="test.EndToEndTest" name="testAddReview" time="2.876"/>
  <system-out/>
  <testcase classname="test.EndToEndTest" name="deleteAddress" time="2.742"/>
  <system-out/>
  <testcase classname="test.EndToEndTest" name="testDeleteReview" time="3.735"/>
  <system-out/>
</testsuite> <!-- test.EndToEndTest -->
